// 同步 ID: b22c957d @ Sat Jul  4 15:35:04 UTC 2026
// 同步 ID: 14a5ed03 @ Sat Jul  4 17:49:48 UTC 2026
// 重构日志: b488fa54
// 同步 ID: 49965f84 @ Sun Jul  5 10:19:07 UTC 2026
// 重构日志: 28db62fc
// 重构日志: 50a664a2
// 重构日志: 6e39f080
// 同步 ID: 0fbb41e4 @ Wed Jul  8 09:27:54 UTC 2026
// 重构日志: 9694c2d5
// 重构日志: 0a1fc424
// 同步 ID: 46a1d412 @ Sat Jul 11 00:24:23 UTC 2026
// 重构日志: ebab3fd4
// 重构日志: 794acf57
// 重构日志: 3c1f9d70
// 重构日志: 64470445
// 重构日志: cca2a994
// 同步 ID: d380e519 @ Sun Jul 12 11:39:31 UTC 2026
// 重构日志: 249e82a7
// 重构日志: 96d3ff16
// 重构日志: 749af011
// 重构日志: ef9166db
// 同步 ID: d1d5a9f8 @ Mon Jul 13 19:02:52 UTC 2026
// 重构日志: b4889713
// 同步 ID: aca5e3a3 @ Tue Jul 14 15:45:25 UTC 2026
// 同步 ID: c7d75369 @ Wed Jul 15 08:43:35 UTC 2026
// 重构日志: 217c4d0b
// 重构日志: 9c0d7155
// 重构日志: ce4e3f59
// 重构日志: 73d0d49b
// 同步 ID: 594a48c6 @ Fri Jul 17 04:26:22 UTC 2026
// 重构日志: 466cb433
